# JRE version: OpenJDK Runtime Environment (8.0_242-b01) (build 1.8.0_242-release-1644-b01)
# Java VM: OpenJDK 64-Bit Server VM (25.242-b01 mixed mode windows-amd64 compressed oops)
Heap:
 PSYoungGen      total 141824K, used 79585K [0x000000076ae00000, 0x0000000774300000, 0x00000007c0000000)
  eden space 131072K, 60% used [0x000000076ae00000,0x000000076fbb8540,0x0000000772e00000)
  from space 10752K, 0% used [0x0000000772e00000,0x0000000772e00000,0x0000000773880000)
  to   space 10752K, 0% used [0x0000000773880000,0x0000000773880000,0x0000000774300000)
 ParOldGen       total 117248K, used 27567K [0x00000006c0a00000, 0x00000006c7c80000, 0x000000076ae00000)
  object space 117248K, 23% used [0x00000006c0a00000,0x00000006c24ebfa0,0x00000006c7c80000)
 Metaspace       used 41446K, capacity 42054K, committed 42416K, reserved 1087488K
  class space    used 5108K, capacity 5264K, committed 5296K, reserved 1048576K
GC Heap History (10 events):
Event: 1.195 GC heap before
{Heap before GC invocations=1 (full 0):
 PSYoungGen      total 76288K, used 65520K [0x000000076ae00000, 0x0000000770300000, 0x00000007c0000000)
  eden space 65536K, 99% used [0x000000076ae00000,0x000000076edfc3f0,0x000000076ee00000)
  from space 10752K, 0% used [0x000000076f880000,0x000000076f880000,0x0000000770300000)
  to   space 10752K, 0% used [0x000000076ee00000,0x000000076ee00000,0x000000076f880000)
 ParOldGen       total 175104K, used 0K [0x00000006c0a00000, 0x00000006cb500000, 0x000000076ae00000)
  object space 175104K, 0% used [0x00000006c0a00000,0x00000006c0a00000,0x00000006cb500000)
 Metaspace       used 15886K, capacity 16194K, committed 16256K, reserved 1062912K
  class space    used 1814K, capacity 1913K, committed 1920K, reserved 1048576K
Event: 1.209 GC heap after
Heap after GC invocations=1 (full 0):
 PSYoungGen      total 76288K, used 10745K [0x000000076ae00000, 0x0000000774300000, 0x00000007c0000000)
  eden space 65536K, 0% used [0x000000076ae00000,0x000000076ae00000,0x000000076ee00000)
  from space 10752K, 99% used [0x000000076ee00000,0x000000076f87e5c0,0x000000076f880000)
  to   space 10752K, 0% used [0x0000000773880000,0x0000000773880000,0x0000000774300000)
 ParOldGen       total 175104K, used 4830K [0x00000006c0a00000, 0x00000006cb500000, 0x000000076ae00000)
  object space 175104K, 2% used [0x00000006c0a00000,0x00000006c0eb7ab8,0x00000006cb500000)
 Metaspace       used 15886K, capacity 16194K, committed 16256K, reserved 1062912K
  class space    used 1814K, capacity 1913K, committed 1920K, reserved 1048576K
}
Event: 1.504 GC heap before
{Heap before GC invocations=2 (full 0):
 PSYoungGen      total 76288K, used 31060K [0x000000076ae00000, 0x0000000774300000, 0x00000007c0000000)
  eden space 65536K, 30% used [0x000000076ae00000,0x000000076c1d6d78,0x000000076ee00000)
  from space 10752K, 99% used [0x000000076ee00000,0x000000076f87e5c0,0x000000076f880000)
  to   space 10752K, 0% used [0x0000000773880000,0x0000000773880000,0x0000000774300000)
 ParOldGen       total 175104K, used 4830K [0x00000006c0a00000, 0x00000006cb500000, 0x000000076ae00000)
  object space 175104K, 2% used [0x00000006c0a00000,0x00000006c0eb7ab8,0x00000006cb500000)
 Metaspace       used 20822K, capacity 21236K, committed 21296K, reserved 1069056K
  class space    used 2417K, capacity 2590K, committed 2608K, reserved 1048576K
Event: 1.512 GC heap after
Heap after GC invocations=2 (full 0):
 PSYoungGen      total 141824K, used 9683K [0x000000076ae00000, 0x0000000774300000, 0x00000007c0000000)
  eden space 131072K, 0% used [0x000000076ae00000,0x000000076ae00000,0x0000000772e00000)
  from space 10752K, 90% used [0x0000000773880000,0x00000007741f4f18,0x0000000774300000)
  to   space 10752K, 0% used [0x0000000772e00000,0x0000000772e00000,0x0000000773880000)
 ParOldGen       total 175104K, used 4902K [0x00000006c0a00000, 0x00000006cb500000, 0x000000076ae00000)
  object space 175104K, 2% used [0x00000006c0a00000,0x00000006c0ec9ac8,0x00000006cb500000)
 Metaspace       used 20822K, capacity 21236K, committed 21296K, reserved 1069056K
  class space    used 2417K, capacity 2590K, committed 2608K, reserved 1048576K
}
Event: 1.512 GC heap before
{Heap before GC invocations=3 (full 1):
 PSYoungGen      total 141824K, used 9683K [0x000000076ae00000, 0x0000000774300000, 0x00000007c0000000)
  eden space 131072K, 0% used [0x000000076ae00000,0x000000076ae00000,0x0000000772e00000)
  from space 10752K, 90% used [0x0000000773880000,0x00000007741f4f18,0x0000000774300000)
  to   space 10752K, 0% used [0x0000000772e00000,0x0000000772e00000,0x0000000773880000)
 ParOldGen       total 175104K, used 4902K [0x00000006c0a00000, 0x00000006cb500000, 0x000000076ae00000)
  object space 175104K, 2% used [0x00000006c0a00000,0x00000006c0ec9ac8,0x00000006cb500000)
 Metaspace       used 20822K, capacity 21236K, committed 21296K, reserved 1069056K
  class space    used 2417K, capacity 2590K, committed 2608K, reserved 1048576K
Event: 1.547 GC heap after
Heap after GC invocations=3 (full 1):
 PSYoungGen      total 141824K, used 0K [0x000000076ae00000, 0x0000000774300000, 0x00000007c0000000)
  eden space 131072K, 0% used [0x000000076ae00000,0x000000076ae00000,0x0000000772e00000)
  from space 10752K, 0% used [0x0000000773880000,0x0000000773880000,0x0000000774300000)
  to   space 10752K, 0% used [0x0000000772e00000,0x0000000772e00000,0x0000000773880000)
 ParOldGen       total 117248K, used 9428K [0x00000006c0a00000, 0x00000006c7c80000, 0x000000076ae00000)
  object space 117248K, 8% used [0x00000006c0a00000,0x00000006c1335008,0x00000006c7c80000)
 Metaspace       used 20822K, capacity 21236K, committed 21296K, reserved 1069056K
  class space    used 2417K, capacity 2590K, committed 2608K, reserved 1048576K
}
Event: 2.930 GC heap before
{Heap before GC invocations=4 (full 1):
 PSYoungGen      total 141824K, used 95605K [0x000000076ae00000, 0x0000000774300000, 0x00000007c0000000)
  eden space 131072K, 72% used [0x000000076ae00000,0x0000000770b5d740,0x0000000772e00000)
  from space 10752K, 0% used [0x0000000773880000,0x0000000773880000,0x0000000774300000)
  to   space 10752K, 0% used [0x0000000772e00000,0x0000000772e00000,0x0000000773880000)
 ParOldGen       total 117248K, used 9428K [0x00000006c0a00000, 0x00000006c7c80000, 0x000000076ae00000)
  object space 117248K, 8% used [0x00000006c0a00000,0x00000006c1335008,0x00000006c7c80000)
 Metaspace       used 34595K, capacity 35085K, committed 35496K, reserved 1081344K
  class space    used 4397K, capacity 4544K, committed 4656K, reserved 1048576K
Event: 2.947 GC heap after
Heap after GC invocations=4 (full 1):
 PSYoungGen      total 141824K, used 10734K [0x000000076ae00000, 0x0000000774300000, 0x00000007c0000000)
  eden space 131072K, 0% used [0x000000076ae00000,0x000000076ae00000,0x0000000772e00000)
  from space 10752K, 99% used [0x0000000772e00000,0x000000077387b9f8,0x0000000773880000)
  to   space 10752K, 0% used [0x0000000773880000,0x0000000773880000,0x0000000774300000)
 ParOldGen       total 117248K, used 20914K [0x00000006c0a00000, 0x00000006c7c80000, 0x000000076ae00000)
  object space 117248K, 17% used [0x00000006c0a00000,0x00000006c1e6c840,0x00000006c7c80000)
 Metaspace       used 34595K, capacity 35085K, committed 35496K, reserved 1081344K
  class space    used 4397K, capacity 4544K, committed 4656K, reserved 1048576K
}
Event: 2.947 GC heap before
{Heap before GC invocations=5 (full 2):
 PSYoungGen      total 141824K, used 10734K [0x000000076ae00000, 0x0000000774300000, 0x00000007c0000000)
  eden space 131072K, 0% used [0x000000076ae00000,0x000000076ae00000,0x0000000772e00000)
  from space 10752K, 99% used [0x0000000772e00000,0x000000077387b9f8,0x0000000773880000)
  to   space 10752K, 0% used [0x0000000773880000,0x0000000773880000,0x0000000774300000)
 ParOldGen       total 117248K, used 20914K [0x00000006c0a00000, 0x00000006c7c80000, 0x000000076ae00000)
  object space 117248K, 17% used [0x00000006c0a00000,0x00000006c1e6c840,0x00000006c7c80000)
 Metaspace       used 34595K, capacity 35085K, committed 35496K, reserved 1081344K
  class space    used 4397K, capacity 4544K, committed 4656K, reserved 1048576K
Event: 3.008 GC heap after
Heap after GC invocations=5 (full 2):
 PSYoungGen      total 141824K, used 0K [0x000000076ae00000, 0x0000000774300000, 0x00000007c0000000)
  eden space 131072K, 0% used [0x000000076ae00000,0x000000076ae00000,0x0000000772e00000)
  from space 10752K, 0% used [0x0000000772e00000,0x0000000772e00000,0x0000000773880000)
  to   space 10752K, 0% used [0x0000000773880000,0x0000000773880000,0x0000000774300000)
 ParOldGen       total 117248K, used 27567K [0x00000006c0a00000, 0x00000006c7c80000, 0x000000076ae00000)
  object space 117248K, 23% used [0x00000006c0a00000,0x00000006c24ebfa0,0x00000006c7c80000)
 Metaspace       used 34595K, capacity 35085K, committed 35496K, reserved 1081344K
  class space    used 4397K, capacity 4544K, committed 4656K, reserved 1048576K
}

